06/05/25 16:48:51 v1.34.5 @ DESKTOP-3CO967N, System/Build Info: 
Using GMP-ECM 6.3, Powered by GMP 5.1.1
cached 78498 primes. pmax = 999983
detected Intel(R) Core(TM) i5-6300U CPU @ 2.40GHz
detected L1 = 32768 bytes, L2 = 3145728 bytes, CL = 64 bytes
measured cpu frequency ~= 2512.470900
using 20 random witnesses for Rabin-Miller PRP checks

06/05/25 16:48:51 v1.34.5 @ DESKTOP-3CO967N, New random seeds: 1647548591, 3719520880

06/05/25 16:48:51 v1.34.5 @ DESKTOP-3CO967N, Processing expression: factor(1234567891011121314151617181920)

06/06/25 02:15:58 v1.34.5 @ DESKTOP-3CO967N, System/Build Info: 
Using GMP-ECM 6.3, Powered by GMP 5.1.1
cached 78498 primes. pmax = 999983
detected Intel(R) Core(TM) i5-6300U CPU @ 2.40GHz
detected L1 = 32768 bytes, L2 = 3145728 bytes, CL = 64 bytes
measured cpu frequency ~= 2498.957440
using 20 random witnesses for Rabin-Miller PRP checks

06/06/25 02:15:58 v1.34.5 @ DESKTOP-3CO967N, New random seeds: 3469875376, 3151980848

06/06/25 02:15:58 v1.34.5 @ DESKTOP-3CO967N, Processing expression: factor(205030758322841)

06/06/25 02:16:36 v1.34.5 @ DESKTOP-3CO967N, System/Build Info: 
Using GMP-ECM 6.3, Powered by GMP 5.1.1
cached 78498 primes. pmax = 999983
detected Intel(R) Core(TM) i5-6300U CPU @ 2.40GHz
detected L1 = 32768 bytes, L2 = 3145728 bytes, CL = 64 bytes
measured cpu frequency ~= 2502.079040
using 20 random witnesses for Rabin-Miller PRP checks

06/06/25 02:16:36 v1.34.5 @ DESKTOP-3CO967N, New random seeds: 2307158574, 1532692880

06/06/25 02:16:36 v1.34.5 @ DESKTOP-3CO967N, Processing expression: factor(204989236710741)

06/06/25 02:19:22 v1.34.5 @ DESKTOP-3CO967N, System/Build Info: 
Using GMP-ECM 6.3, Powered by GMP 5.1.1
cached 78498 primes. pmax = 999983
detected Intel(R) Core(TM) i5-6300U CPU @ 2.40GHz
detected L1 = 32768 bytes, L2 = 3145728 bytes, CL = 64 bytes
measured cpu frequency ~= 2507.369840
using 20 random witnesses for Rabin-Miller PRP checks

06/06/25 02:19:22 v1.34.5 @ DESKTOP-3CO967N, New random seeds: 4083301551, 3148299116

06/06/25 02:19:22 v1.34.5 @ DESKTOP-3CO967N, Processing expression: factor(6016702491134032965007932537360412111268234679912009456358187165305813543980434423876073602778724586617818232467710976772959367882686581975866637984275741853926683715776866174565405679540101299806568410891146423570047514791249441253744452932810002402791199223867452683756487284108933535244776013729198282027)

06/06/25 02:22:07 v1.34.5 @ DESKTOP-3CO967N, System/Build Info: 
Using GMP-ECM 6.3, Powered by GMP 5.1.1
cached 78498 primes. pmax = 999983
detected Intel(R) Core(TM) i5-6300U CPU @ 2.40GHz
detected L1 = 32768 bytes, L2 = 3145728 bytes, CL = 64 bytes
measured cpu frequency ~= 2497.855350
using 20 random witnesses for Rabin-Miller PRP checks

06/06/25 02:22:07 v1.34.5 @ DESKTOP-3CO967N, New random seeds: 1214160182, 3282545800

06/06/25 02:22:07 v1.34.5 @ DESKTOP-3CO967N, Processing expression: factor(10443888814131525066917527107166243825799642490473837803842334832839539079715524822900732352)

06/06/25 10:49:31 v1.34.5 @ DESKTOP-3CO967N, System/Build Info: 
Using GMP-ECM 6.3, Powered by GMP 5.1.1
cached 78498 primes. pmax = 999983
detected Intel(R) Core(TM) i5-6300U CPU @ 2.40GHz
detected L1 = 32768 bytes, L2 = 3145728 bytes, CL = 64 bytes
measured cpu frequency ~= 2502.075280
using 20 random witnesses for Rabin-Miller PRP checks

06/06/25 10:49:31 v1.34.5 @ DESKTOP-3CO967N, New random seeds: 553183016, 1872595440

06/06/25 12:48:20 v1.34.5 @ DESKTOP-3CO967N, System/Build Info: 
Using GMP-ECM 6.3, Powered by GMP 5.1.1
cached 78498 primes. pmax = 999983
detected Intel(R) Core(TM) i5-6300U CPU @ 2.40GHz
detected L1 = 32768 bytes, L2 = 3145728 bytes, CL = 64 bytes
measured cpu frequency ~= 2493.474360
using 20 random witnesses for Rabin-Miller PRP checks

06/06/25 12:48:20 v1.34.5 @ DESKTOP-3CO967N, New random seeds: 645262166, 3622836776

06/06/25 12:48:20 v1.34.5 @ DESKTOP-3CO967N, Processing expression: factor(32287711325293533505002464601397385624716834675619975353486029868635143711531)

06/08/25 20:17:57 v1.34.5 @ DESKTOP-3CO967N, System/Build Info: 
Using GMP-ECM 6.3, Powered by GMP 5.1.1
cached 78498 primes. pmax = 999983
detected Intel(R) Core(TM) i5-6300U CPU @ 2.40GHz
detected L1 = 32768 bytes, L2 = 3145728 bytes, CL = 64 bytes
measured cpu frequency ~= 2501.019930
using 20 random witnesses for Rabin-Miller PRP checks

06/08/25 20:17:57 v1.34.5 @ DESKTOP-3CO967N, New random seeds: 1242157902, 2905480556

06/08/25 20:17:57 v1.34.5 @ DESKTOP-3CO967N, Processing expression: factor(55660230017543115688160597851531723037665004222431815679216217019737343746938231856830328690081)

06/08/25 20:29:12 v1.34.5 @ DESKTOP-3CO967N, System/Build Info: 
Using GMP-ECM 6.3, Powered by GMP 5.1.1
cached 78498 primes. pmax = 999983
detected Intel(R) Core(TM) i5-6300U CPU @ 2.40GHz
detected L1 = 32768 bytes, L2 = 3145728 bytes, CL = 64 bytes
measured cpu frequency ~= 2496.836150
using 20 random witnesses for Rabin-Miller PRP checks

06/08/25 20:29:12 v1.34.5 @ DESKTOP-3CO967N, New random seeds: 3986007632, 2716786304

06/08/25 20:29:12 v1.34.5 @ DESKTOP-3CO967N, Processing expression: factor(9138250390416163187270614424433998945123590913762063095666717608306491965688764572730688605267)

06/08/25 20:37:19 v1.34.5 @ DESKTOP-3CO967N, System/Build Info: 
Using GMP-ECM 6.3, Powered by GMP 5.1.1
cached 78498 primes. pmax = 999983
detected Intel(R) Core(TM) i5-6300U CPU @ 2.40GHz
detected L1 = 32768 bytes, L2 = 3145728 bytes, CL = 64 bytes
measured cpu frequency ~= 2473.601360
using 20 random witnesses for Rabin-Miller PRP checks

06/08/25 20:37:19 v1.34.5 @ DESKTOP-3CO967N, New random seeds: 690233873, 2495781028

06/08/25 20:37:19 v1.34.5 @ DESKTOP-3CO967N, Processing expression: factor(449771361812986649279675812376259531749680451671979677908343591370623675648276584570905065124239)

06/08/25 21:00:46 v1.34.5 @ DESKTOP-3CO967N, System/Build Info: 
Using GMP-ECM 6.3, Powered by GMP 5.1.1
cached 78498 primes. pmax = 999983
detected Intel(R) Core(TM) i5-6300U CPU @ 2.40GHz
detected L1 = 32768 bytes, L2 = 3145728 bytes, CL = 64 bytes
measured cpu frequency ~= 2503.197590
using 20 random witnesses for Rabin-Miller PRP checks

06/08/25 21:00:46 v1.34.5 @ DESKTOP-3CO967N, New random seeds: 4120258761, 666176032

06/08/25 21:00:46 v1.34.5 @ DESKTOP-3CO967N, Processing expression: factor(449771361812986649279675812376259531749680451671979677908343591370623675648276584570905065124239)

06/08/25 21:04:00 v1.34.5 @ DESKTOP-3CO967N, System/Build Info: 
Using GMP-ECM 6.3, Powered by GMP 5.1.1
cached 78498 primes. pmax = 999983
detected Intel(R) Core(TM) i5-6300U CPU @ 2.40GHz
detected L1 = 32768 bytes, L2 = 3145728 bytes, CL = 64 bytes
measured cpu frequency ~= 2491.708480
using 20 random witnesses for Rabin-Miller PRP checks

06/08/25 21:04:00 v1.34.5 @ DESKTOP-3CO967N, New random seeds: 1875722638, 4048922512

06/08/25 21:04:00 v1.34.5 @ DESKTOP-3CO967N, Processing expression: factor(449771361812986649279675812376259531749680451671979677908343591370623675648276584570905065124239)

